Arguments: 
  C:\Program Files\nodejs\node.exe C:\Users\artur\AppData\Roaming\npm\node_modules\yarn\bin\yarn.js add native-base --save

PATH: 
  C:\Program Files (x86)\Razer Chroma SDK\bin;C:\Program Files\Razer Chroma SDK\bin;C:\Program Files (x86)\Razer\ChromaBroadcast\bin;C:\Program Files\Razer\ChromaBroadcast\bin;C:\Python27\;C:\Python27\Scripts;C:\Windows\system32;C:\Windows;C:\Windows\System32\Wbem;C:\Windows\System32\WindowsPowerShell\v1.0\;C:\Windows\System32\OpenSSH\;C:\Program Files (x86)\NVIDIA Corporation\PhysX\Common;C:\Program Files\NVIDIA Corporation\NVIDIA NvDLISR;C:\Program Files\nodejs\;C:\ProgramData\chocolatey\bin;C:\Program Files\Java\jdk1.8.0_211\bin;C:\Program Files\dotnet\;C:\Program Files\Microsoft SQL Server\130\Tools\Binn\;C:\Program Files\Microsoft SQL Server\Client SDK\ODBC\170\Tools\Binn\;C:\Users\artur\AppData\Local\Microsoft\WindowsApps;C:\Users\artur\.dotnet\tools;C:\Program Files\Git\cmd;C:\Ruby26-x64\bin;C:\Users\artur\AppData\Local\Programs\Microsoft VS Code\bin;C:\Users\artur\AppData\Roaming\npm;C:\Users\artur\AppData\Local\Android\Sdk\platform-tools;C:\Program Files\Oracle\VirtualBox;C:\Program Files\heroku\bin

Yarn version: 
  1.22.10

Node version: 
  12.16.1

Platform: 
  win32 x64

Trace: 
  Error: EPERM: operation not permitted, unlink 'C:\Users\artur\Desktop\DEVELOPMENT\barge-app\barge-app\node_modules\@babel\preset-typescript\lib'

npm manifest: 
  {
    "main": "node_modules/expo/AppEntry.js",
    "scripts": {
      "start": "expo start",
      "android": "expo start --android",
      "ios": "expo start --ios",
      "web": "expo start --web",
      "eject": "expo eject",
      "test": "jest --watchAll"
    },
    "jest": {
      "preset": "jest-expo"
    },
    "dependencies": {
      "@expo/vector-icons": "^12.0.0",
      "@react-native-community/masked-view": "0.1.10",
      "@react-navigation/bottom-tabs": "5.11.2",
      "@react-navigation/native": "~5.8.10",
      "@react-navigation/stack": "~5.12.8",
      "expo": "~41.0.0",
      "expo-asset": "~8.3.1",
      "expo-constants": "~10.1.3",
      "expo-font": "~9.1.0",
      "expo-linking": "~2.2.3",
      "expo-splash-screen": "~0.10.2",
      "expo-status-bar": "~1.0.4",
      "expo-web-browser": "~9.1.0",
      "react": "16.13.1",
      "react-dom": "16.13.1",
      "react-native": "https://github.com/expo/react-native/archive/sdk-41.0.0.tar.gz",
      "react-native-reanimated": "~2.1.0",
      "react-native-gesture-handler": "~1.10.2",
      "react-native-safe-area-context": "3.2.0",
      "react-native-screens": "~3.0.0",
      "react-native-web": "~0.13.12"
    },
    "devDependencies": {
      "@babel/core": "^7.9.0",
      "@types/react": "~16.9.35",
      "@types/react-native": "~0.63.2",
      "jest-expo": "~41.0.0",
      "typescript": "~4.0.0"
    },
    "private": true
  }

yarn manifest: 
  No manifest

Lockfile: 
  No lockfile
